<?xml version="1.0" encoding="UTF-8"?>
<Site BuildName="Win32-c++"
	BuildStamp="20230610-1116-Experimental"
	Name="WIN-V04V55HK3TD"
	Generator="ctest-3.20.21032501-MSVC_2"
	CompilerName="D:/cygwin64/bin/c++.exe"
	CompilerVersion="11.2.0"
	OSName="Windows"
	Hostname="WIN-V04V55HK3TD"
	OSRelease=" Personal"
	OSVersion=" (Build 19045)"
	OSPlatform="AMD64"
	Is64Bits="1"
	VendorString="GenuineIntel"
	VendorID="Intel Corporation"
	FamilyID="6"
	ModelID="10"
	ProcessorCacheSize="-1"
	NumberOfLogicalCPU="8"
	NumberOfPhysicalCPU="4"
	TotalVirtualMemory="22120"
	TotalPhysicalMemory="16232"
	LogicalProcessorsPerPhysical="2"
	ProcessorClockFrequency="3392"
	>
	<Testing>
		<StartDateTime>Jun 10 19:16 [NON-UTF-8-BYTE-0xD6]й[NON-UTF-8-BYTE-0xFA][NON-UTF-8-BYTE-0xB1][NON-UTF-8-BYTE-0xEA]׼ʱ[NON-UTF-8-BYTE-0xBC][NON-UTF-8-BYTE-0xE4]</StartDateTime>
		<StartTestTime>1686395779</StartTestTime>
		<TestList/>
		<EndDateTime>Jun 10 19:16 [NON-UTF-8-BYTE-0xD6]й[NON-UTF-8-BYTE-0xFA][NON-UTF-8-BYTE-0xB1][NON-UTF-8-BYTE-0xEA]׼ʱ[NON-UTF-8-BYTE-0xBC][NON-UTF-8-BYTE-0xE4]</EndDateTime>
		<EndTestTime>1686395779</EndTestTime>
		<ElapsedMinutes>0</ElapsedMinutes>
	</Testing>
</Site>
